
Showing logs for build [32mcb-kubecd-environment-pr-239-8-mbvkf-1[0m stage [32mfrom-build-pack[0m and container [32mstep-credential-initializer-gjd58[0m
{"level":"info","ts":1592620162.921897,"logger":"fallback-logger","caller":"logging/config.go:69","msg":"Fetch GitHub commit ID from kodata failed: open /var/run/ko/refs/heads/0.8.0-ns-support: no such file or directory"}
{"level":"info","ts":1592620162.9294436,"logger":"fallback-logger","caller":"creds-init/main.go:40","msg":"Credentials initialized."}

Showing logs for build [32mcb-kubecd-environment-pr-239-8-mbvkf-1[0m stage [32mfrom-build-pack[0m and container [32mstep-working-dir-initializer-8d2fc[0m
{"level":"info","ts":1592620163.6779108,"logger":"fallback-logger","caller":"logging/config.go:69","msg":"Fetch GitHub commit ID from kodata failed: open /var/run/ko/HEAD: no such file or directory"}
{"level":"info","ts":1592620163.6796095,"logger":"fallback-logger","caller":"bash/main.go:64","msg":"Successfully executed command \"sh -c mkdir -p /workspace/source\"; output "}

Showing logs for build [32mcb-kubecd-environment-pr-239-8-mbvkf-1[0m stage [32mfrom-build-pack[0m and container [32mstep-place-tools[0m

Showing logs for build [32mcb-kubecd-environment-pr-239-8-mbvkf-1[0m stage [32mfrom-build-pack[0m and container [32mstep-git-source-cb-kubecd-environment-pr-239-8-mbvkf-75dqt[0m
{"level":"info","ts":1592620181.1158886,"logger":"fallback-logger","caller":"logging/config.go:69","msg":"Fetch GitHub commit ID from kodata failed: open /var/run/ko/refs/heads/0.8.0-ns-support: no such file or directory"}
{"level":"info","ts":1592620182.2073164,"logger":"fallback-logger","caller":"git/git.go:103","msg":"Successfully cloned https://github.com/cb-kubecd/environment-pr-239-8-boot-gke-staging.git @ master in path /workspace/source"}

Showing logs for build [32mcb-kubecd-environment-pr-239-8-mbvkf-1[0m stage [32mfrom-build-pack[0m and container [32mstep-git-merge[0m
Using SHAs from PULL_REFS=master:78ec9afb901761bf46d6fcf09077dfa8b5db76a8,1:91e15fcb3197ff6d911dec583880fb3115c1d62f
DEBUG: JX_LOG_LEVEL=error LC_ALL=C git fetch origin --unshallow 91e15fcb3197ff6d911dec583880fb3115c1d62f: 78ec9afb901761bf46d6fcf09077dfa8b5db76a8:
DEBUG: ran git fetch --unshallow origin 91e15fcb3197ff6d911dec583880fb3115c1d62f: 78ec9afb901761bf46d6fcf09077dfa8b5db76a8: in 
DEBUG: LC_ALL=C JX_LOG_LEVEL=error git branch
DEBUG: LC_ALL=C JX_LOG_LEVEL=error git checkout master
DEBUG: ran git checkout master in 
DEBUG: LC_ALL=C JX_LOG_LEVEL=error git reset --hard 78ec9afb901761bf46d6fcf09077dfa8b5db76a8
DEBUG: ran git reset --hard 78ec9afb901761bf46d6fcf09077dfa8b5db76a8 in 
DEBUG: LC_ALL=C JX_LOG_LEVEL=error git clean -fd .
DEBUG: ran clean --force -d . in 
DEBUG: LC_ALL=C JX_LOG_LEVEL=error git merge 91e15fcb3197ff6d911dec583880fb3115c1d62f
DEBUG: ran git merge 91e15fcb3197ff6d911dec583880fb3115c1d62f in 
DEBUG: LC_ALL=C JX_LOG_LEVEL=error git log --format=%H%x1f%an%x1f%ae%x1f%cn%x1f%ce%x1f%s%n%b%x1e 78ec9afb901761bf46d6fcf09077dfa8b5db76a8..HEAD
Merged SHA 91e15fcb3197ff6d911dec583880fb3115c1d62f with commit message 'chore: Promote bdd-spring-1592619800 to version 0.0.1' into base branch master

Showing logs for build [32mcb-kubecd-environment-pr-239-8-mbvkf-1[0m stage [32mfrom-build-pack[0m and container [32mstep-build-helm-build[0m
WARNING: No $CHART_REPOSITORY defined so using the default value of: http://jenkins-x-chartmuseum:8080
Adding missing Helm repo: storage.googleapis.com https://storage.googleapis.com/chartmuseum.jenkins-x.io
WARNING: No secrets found on "helm/repos" due: reading the secret "helm/repos" from vault: no secret "helm/repos" not found in vault
Read credentials for https://storage.googleapis.com/chartmuseum.jenkins-x.io from vault helm/repos
Successfully added Helm repository storage.googleapis.com.
Adding missing Helm repo: jenkins-x-chartmuseum http://jenkins-x-chartmuseum:8080
WARNING: No secrets found on "helm/repos" due: reading the secret "helm/repos" from vault: no secret "helm/repos" not found in vault
Read credentials for http://jenkins-x-chartmuseum:8080 from vault helm/repos
Successfully added Helm repository jenkins-x-chartmuseum.
WARNING: No $CHART_REPOSITORY defined so using the default value of: http://jenkins-x-chartmuseum:8080
Adding missing Helm repo: chartmuseum.jenkins-x.io http://chartmuseum.jenkins-x.io
WARNING: No secrets found on "helm/repos" due: reading the secret "helm/repos" from vault: no secret "helm/repos" not found in vault
Read credentials for http://chartmuseum.jenkins-x.io from vault helm/repos
Successfully added Helm repository chartmuseum.jenkins-x.io.
